<?xml version="1.0" encoding="UTF-8"?>
<testsuite xmlns:xsi="http://www.w3.org/2001/XMLSchema-instance" xsi:noNamespaceSchemaLocation="https://maven.apache.org/surefire/maven-surefire-plugin/xsd/surefire-test-report-3.0.xsd" version="3.0" name="ie.atu.project.PassengerTest" time="0.064" tests="10" errors="0" skipped="0" failures="0">
  <properties>
[...]
</properties>
  <testcase name="testNameFail" classname="ie.atu.project.PassengerTest" time="0.038"/>
  <testcase name="testNamePass" classname="ie.atu.project.PassengerTest" time="0"/>
  <testcase name="testTitleFail" classname="ie.atu.project.PassengerTest" time="0.001"/>
  <testcase name="testTitlePass" classname="ie.atu.project.PassengerTest" time="0.001"/>
  <testcase name="testAgeFail" classname="ie.atu.project.PassengerTest" time="0.001"/>
  <testcase name="testAgePass" classname="ie.atu.project.PassengerTest" time="0.001"/>
  <testcase name="testPhoneFail" classname="ie.atu.project.PassengerTest" time="0.001"/>
  <testcase name="testPhonePass" classname="ie.atu.project.PassengerTest" time="0.001"/>
  <testcase name="testIdFail" classname="ie.atu.project.PassengerTest" time="0.001"/>
  <testcase name="testIdPass" classname="ie.atu.project.PassengerTest" time="0"/>
</testsuite>